<?xml version="1.0" encoding="UTF-8"?>
<testsuite name="deptest.MyTest" tests="1" skipped="0" failures="0" errors="0" timestamp="2024-04-19T16:27:15" hostname="5600G" time="0.013">
  <properties/>
  <testcase name="myTest()" classname="deptest.MyTest" time="0.013"/>
  <system-out><![CDATA[Hello from MyTest!
]]></system-out>
  <system-err><![CDATA[]]></system-err>
</testsuite>
